<?xml version="1.0" encoding="UTF-8"?>
<testsuite name="ke.co.bkkimutai.CaesarTest" tests="1" skipped="0" failures="0" errors="0" timestamp="2023-08-24T04:21:06" hostname="DESKTOP-R4BL6NE" time="0.022">
  <properties/>
  <testcase name="testEncryptMessageWithSpaces()" classname="ke.co.bkkimutai.CaesarTest" time="0.022"/>
  <system-out><![CDATA[]]></system-out>
  <system-err><![CDATA[]]></system-err>
</testsuite>
